<?xml version="1.0" encoding="UTF-8"?>
<testng-results ignored="0" total="1" passed="1" failed="0" skipped="0">
  <reporter-output>
  </reporter-output>
  <suite started-at="2021-01-09T19:51:17 EST" name="Default suite" finished-at="2021-01-09T19:51:25 EST" duration-ms="8529">
    <groups>
    </groups>
    <test started-at="2021-01-09T19:51:17 EST" name="Default test" finished-at="2021-01-09T19:51:25 EST" duration-ms="8529">
      <class name="testPackage.LoginTest01">
        <test-method is-config="true" signature="setUp()[pri:0, instance:testPackage.LoginTest01@70be0a2b]" started-at="2021-01-09T19:51:17 EST" name="setUp" finished-at="2021-01-09T19:51:23 EST" duration-ms="6565" status="PASS">
          <reporter-output>
          </reporter-output>
        </test-method> <!-- setUp -->
        <test-method signature="loginTest()[pri:0, instance:testPackage.LoginTest01@70be0a2b]" started-at="2021-01-09T19:51:23 EST" name="loginTest" finished-at="2021-01-09T19:51:25 EST" duration-ms="1341" status="PASS">
          <reporter-output>
          </reporter-output>
        </test-method> <!-- loginTest -->
        <test-method is-config="true" signature="tearDowntest()[pri:0, instance:testPackage.LoginTest01@70be0a2b]" started-at="2021-01-09T19:51:25 EST" name="tearDowntest" finished-at="2021-01-09T19:51:25 EST" duration-ms="606" status="PASS">
          <reporter-output>
          </reporter-output>
        </test-method> <!-- tearDowntest -->
      </class> <!-- testPackage.LoginTest01 -->
    </test> <!-- Default test -->
  </suite> <!-- Default suite -->
</testng-results>
